2023-01-31 00:50:14,522 [INFO] com.gamesapi.WebApiApplication [main] Starting WebApiApplication using Java 17.0.5 with PID 8816 (C:\Dev\Java\JAZ\GamesAPI\web-api\target\classes started by Grzegorz in C:\Dev\Java\JAZ\GamesAPI)
2023-01-31 00:50:14,524 [DEBUG] com.gamesapi.WebApiApplication [main] Running with Spring Boot v3.0.2, Spring v6.0.4
2023-01-31 00:50:14,526 [INFO] com.gamesapi.WebApiApplication [main] No active profile set, falling back to 1 default profile: "default"
2023-01-31 00:50:15,781 [INFO] org.springframework.data.repository.config.RepositoryConfigurationDelegate [main] Bootstrapping Spring Data JPA repositories in DEFAULT mode.
2023-01-31 00:50:16,063 [INFO] org.springframework.data.repository.config.RepositoryConfigurationDelegate [main] Finished Spring Data repository scanning in 224 ms. Found 6 JPA repository interfaces.
2023-01-31 00:50:18,086 [INFO] org.springframework.boot.web.embedded.tomcat.TomcatWebServer [main] Tomcat initialized with port(s): 8080 (http)
2023-01-31 00:50:18,101 [INFO] org.apache.catalina.core.StandardService [main] Starting service [Tomcat]
2023-01-31 00:50:18,102 [INFO] org.apache.catalina.core.StandardEngine [main] Starting Servlet engine: [Apache Tomcat/10.1.5]
2023-01-31 00:50:18,330 [INFO] org.apache.catalina.core.ContainerBase.[Tomcat].[localhost].[/] [main] Initializing Spring embedded WebApplicationContext
2023-01-31 00:50:18,330 [INFO] org.springframework.boot.web.servlet.context.ServletWebServerApplicationContext [main] Root WebApplicationContext: initialization completed in 3719 ms
2023-01-31 00:50:18,581 [INFO] com.zaxxer.hikari.HikariDataSource [main] HikariPool-1 - Starting...
2023-01-31 00:50:19,087 [INFO] com.zaxxer.hikari.pool.HikariPool [main] HikariPool-1 - Added connection com.mysql.cj.jdbc.ConnectionImpl@541bf968
2023-01-31 00:50:19,090 [INFO] com.zaxxer.hikari.HikariDataSource [main] HikariPool-1 - Start completed.
2023-01-31 00:50:19,167 [INFO] org.hibernate.jpa.internal.util.LogHelper [main] HHH000204: Processing PersistenceUnitInfo [name: default]
2023-01-31 00:50:19,259 [INFO] org.hibernate.Version [main] HHH000412: Hibernate ORM core version 6.1.6.Final
2023-01-31 00:50:19,649 [WARN] org.hibernate.orm.deprecation [main] HHH90000021: Encountered deprecated setting [javax.persistence.sharedCache.mode], use [jakarta.persistence.sharedCache.mode] instead
2023-01-31 00:50:19,906 [INFO] SQL dialect [main] HHH000400: Using dialect: org.hibernate.dialect.MySQLDialect
2023-01-31 00:50:21,070 [INFO] org.hibernate.engine.transaction.jta.platform.internal.JtaPlatformInitiator [main] HHH000490: Using JtaPlatform implementation: [org.hibernate.engine.transaction.jta.platform.internal.NoJtaPlatform]
2023-01-31 00:50:21,084 [INFO] org.springframework.orm.jpa.LocalContainerEntityManagerFactoryBean [main] Initialized JPA EntityManagerFactory for persistence unit 'default'
2023-01-31 00:50:21,873 [WARN] org.springframework.boot.autoconfigure.orm.jpa.JpaBaseConfiguration$JpaWebConfiguration [main] spring.jpa.open-in-view is enabled by default. Therefore, database queries may be performed during view rendering. Explicitly configure spring.jpa.open-in-view to disable this warning
2023-01-31 00:50:22,332 [INFO] org.springframework.boot.web.embedded.tomcat.TomcatWebServer [main] Tomcat started on port(s): 8080 (http) with context path ''
2023-01-31 00:50:22,342 [INFO] com.gamesapi.WebApiApplication [main] Started WebApiApplication in 8.858 seconds (process running for 9.651)
2023-01-31 00:50:43,155 [INFO] org.apache.catalina.core.ContainerBase.[Tomcat].[localhost].[/] [http-nio-8080-exec-2] Initializing Spring DispatcherServlet 'dispatcherServlet'
2023-01-31 00:50:43,156 [INFO] org.springframework.web.servlet.DispatcherServlet [http-nio-8080-exec-2] Initializing Servlet 'dispatcherServlet'
2023-01-31 00:50:43,160 [INFO] org.springframework.web.servlet.DispatcherServlet [http-nio-8080-exec-2] Completed initialization in 2 ms
2023-01-31 00:50:43,252 [TRACE] com.gamesapi.webapi.controllers.GameController [http-nio-8080-exec-1] getting all movies
2023-01-31 00:50:43,258 [TRACE] com.gamesapi.webapi.controllers.GameController [http-nio-8080-exec-2] getting all movies
2023-01-31 00:50:54,590 [TRACE] com.gamesapi.webapi.controllers.GameController [http-nio-8080-exec-4] accessed the game: 17
2023-01-31 00:50:54,590 [TRACE] com.gamesapi.webapi.controllers.GameController [http-nio-8080-exec-3] accessed the game: 17
2023-01-31 00:50:56,774 [TRACE] com.gamesapi.webapi.controllers.GameController [http-nio-8080-exec-5] getting all movies
2023-01-31 00:50:57,300 [TRACE] com.gamesapi.webapi.controllers.GameController [http-nio-8080-exec-6] getting all movies
2023-01-31 00:51:00,058 [TRACE] com.gamesapi.webapi.controllers.GameController [http-nio-8080-exec-10] getting all movies
2023-01-31 00:51:00,058 [TRACE] com.gamesapi.webapi.controllers.GameController [http-nio-8080-exec-9] getting all movies
2023-01-31 00:51:27,692 [TRACE] com.gamesapi.webapi.controllers.GameController [http-nio-8080-exec-2] saved the game: 0
2023-01-31 00:51:27,715 [TRACE] com.gamesapi.webapi.controllers.GameController [http-nio-8080-exec-3] getting all movies
2023-01-31 00:51:27,715 [TRACE] com.gamesapi.webapi.controllers.GameController [http-nio-8080-exec-4] getting all movies
2023-01-31 00:51:43,718 [TRACE] com.gamesapi.webapi.controllers.GameController [http-nio-8080-exec-5] accessed the game: 524
2023-01-31 00:51:43,724 [TRACE] com.gamesapi.webapi.controllers.GameController [http-nio-8080-exec-6] accessed the game: 524
2023-01-31 00:51:45,375 [TRACE] com.gamesapi.webapi.controllers.GameController [http-nio-8080-exec-7] updated the game: 524
2023-01-31 00:51:45,401 [TRACE] com.gamesapi.webapi.controllers.GameController [http-nio-8080-exec-9] getting all movies
2023-01-31 00:51:45,401 [TRACE] com.gamesapi.webapi.controllers.GameController [http-nio-8080-exec-10] getting all movies
2023-01-31 00:52:58,805 [TRACE] com.gamesapi.webapi.controllers.GameController [http-nio-8080-exec-4] deleted the game: 17
2023-01-31 00:52:58,816 [TRACE] com.gamesapi.webapi.controllers.GameController [http-nio-8080-exec-5] getting all movies
2023-01-31 00:52:59,610 [TRACE] com.gamesapi.webapi.controllers.GameController [http-nio-8080-exec-8] deleted the game: 22
2023-01-31 00:52:59,619 [TRACE] com.gamesapi.webapi.controllers.GameController [http-nio-8080-exec-7] getting all movies
2023-01-31 00:53:00,473 [TRACE] com.gamesapi.webapi.controllers.GameController [http-nio-8080-exec-9] deleted the game: 23
2023-01-31 00:53:00,484 [TRACE] com.gamesapi.webapi.controllers.GameController [http-nio-8080-exec-1] getting all movies
2023-01-31 00:53:01,222 [TRACE] com.gamesapi.webapi.controllers.GameController [http-nio-8080-exec-3] deleted the game: 25
2023-01-31 00:53:01,228 [TRACE] com.gamesapi.webapi.controllers.GameController [http-nio-8080-exec-4] getting all movies
2023-01-31 00:53:02,560 [TRACE] com.gamesapi.webapi.controllers.GameController [http-nio-8080-exec-6] deleted the game: 24
2023-01-31 00:53:02,567 [TRACE] com.gamesapi.webapi.controllers.GameController [http-nio-8080-exec-8] getting all movies
2023-01-31 00:53:03,812 [TRACE] com.gamesapi.webapi.controllers.GameController [http-nio-8080-exec-10] deleted the game: 26
2023-01-31 00:53:03,820 [TRACE] com.gamesapi.webapi.controllers.GameController [http-nio-8080-exec-9] getting all movies
2023-01-31 00:53:04,793 [TRACE] com.gamesapi.webapi.controllers.GameController [http-nio-8080-exec-2] deleted the game: 27
2023-01-31 00:53:04,801 [TRACE] com.gamesapi.webapi.controllers.GameController [http-nio-8080-exec-3] getting all movies
2023-01-31 00:53:05,469 [TRACE] com.gamesapi.webapi.controllers.GameController [http-nio-8080-exec-5] deleted the game: 28
2023-01-31 00:53:05,476 [TRACE] com.gamesapi.webapi.controllers.GameController [http-nio-8080-exec-6] getting all movies
2023-01-31 00:53:06,273 [TRACE] com.gamesapi.webapi.controllers.GameController [http-nio-8080-exec-7] deleted the game: 29
2023-01-31 00:53:06,281 [TRACE] com.gamesapi.webapi.controllers.GameController [http-nio-8080-exec-10] getting all movies
2023-01-31 00:53:06,896 [TRACE] com.gamesapi.webapi.controllers.GameController [http-nio-8080-exec-1] deleted the game: 31
2023-01-31 00:53:06,906 [TRACE] com.gamesapi.webapi.controllers.GameController [http-nio-8080-exec-2] getting all movies
2023-01-31 00:53:07,649 [TRACE] com.gamesapi.webapi.controllers.GameController [http-nio-8080-exec-4] deleted the game: 32
2023-01-31 00:53:07,656 [TRACE] com.gamesapi.webapi.controllers.GameController [http-nio-8080-exec-5] getting all movies
2023-01-31 00:53:08,245 [TRACE] com.gamesapi.webapi.controllers.GameController [http-nio-8080-exec-8] deleted the game: 33
2023-01-31 00:53:08,258 [TRACE] com.gamesapi.webapi.controllers.GameController [http-nio-8080-exec-7] getting all movies
2023-01-31 00:53:09,070 [TRACE] com.gamesapi.webapi.controllers.GameController [http-nio-8080-exec-9] deleted the game: 34
2023-01-31 00:53:09,076 [TRACE] com.gamesapi.webapi.controllers.GameController [http-nio-8080-exec-1] getting all movies
2023-01-31 00:53:09,982 [TRACE] com.gamesapi.webapi.controllers.GameController [http-nio-8080-exec-3] deleted the game: 35
2023-01-31 00:53:09,989 [TRACE] com.gamesapi.webapi.controllers.GameController [http-nio-8080-exec-4] getting all movies
2023-01-31 00:53:10,662 [TRACE] com.gamesapi.webapi.controllers.GameController [http-nio-8080-exec-6] deleted the game: 36
2023-01-31 00:53:10,668 [TRACE] com.gamesapi.webapi.controllers.GameController [http-nio-8080-exec-8] getting all movies
2023-01-31 00:53:21,843 [INFO] org.springframework.orm.jpa.LocalContainerEntityManagerFactoryBean [SpringApplicationShutdownHook] Closing JPA EntityManagerFactory for persistence unit 'default'
2023-01-31 00:53:21,845 [INFO] com.zaxxer.hikari.HikariDataSource [SpringApplicationShutdownHook] HikariPool-1 - Shutdown initiated...
2023-01-31 00:53:21,856 [INFO] com.zaxxer.hikari.HikariDataSource [SpringApplicationShutdownHook] HikariPool-1 - Shutdown completed.
2023-01-31 00:53:31,968 [INFO] com.gamesapi.WebApiApplication [main] Starting WebApiApplication using Java 17.0.5 with PID 5348 (C:\Dev\Java\JAZ\GamesAPI\web-api\target\classes started by Grzegorz in C:\Dev\Java\JAZ\GamesAPI)
2023-01-31 00:53:31,972 [DEBUG] com.gamesapi.WebApiApplication [main] Running with Spring Boot v3.0.2, Spring v6.0.4
2023-01-31 00:53:31,973 [INFO] com.gamesapi.WebApiApplication [main] No active profile set, falling back to 1 default profile: "default"
2023-01-31 00:53:32,996 [INFO] org.springframework.data.repository.config.RepositoryConfigurationDelegate [main] Bootstrapping Spring Data JPA repositories in DEFAULT mode.
2023-01-31 00:53:33,129 [INFO] org.springframework.data.repository.config.RepositoryConfigurationDelegate [main] Finished Spring Data repository scanning in 115 ms. Found 6 JPA repository interfaces.
2023-01-31 00:53:34,232 [INFO] org.springframework.boot.web.embedded.tomcat.TomcatWebServer [main] Tomcat initialized with port(s): 8080 (http)
2023-01-31 00:53:34,248 [INFO] org.apache.catalina.core.StandardService [main] Starting service [Tomcat]
2023-01-31 00:53:34,249 [INFO] org.apache.catalina.core.StandardEngine [main] Starting Servlet engine: [Apache Tomcat/10.1.5]
2023-01-31 00:53:34,389 [INFO] org.apache.catalina.core.ContainerBase.[Tomcat].[localhost].[/] [main] Initializing Spring embedded WebApplicationContext
2023-01-31 00:53:34,391 [INFO] org.springframework.boot.web.servlet.context.ServletWebServerApplicationContext [main] Root WebApplicationContext: initialization completed in 2335 ms
2023-01-31 00:53:34,637 [INFO] com.zaxxer.hikari.HikariDataSource [main] HikariPool-1 - Starting...
2023-01-31 00:53:35,129 [INFO] com.zaxxer.hikari.pool.HikariPool [main] HikariPool-1 - Added connection com.mysql.cj.jdbc.ConnectionImpl@4e80a001
2023-01-31 00:53:35,133 [INFO] com.zaxxer.hikari.HikariDataSource [main] HikariPool-1 - Start completed.
2023-01-31 00:53:35,213 [INFO] org.hibernate.jpa.internal.util.LogHelper [main] HHH000204: Processing PersistenceUnitInfo [name: default]
2023-01-31 00:53:35,322 [INFO] org.hibernate.Version [main] HHH000412: Hibernate ORM core version 6.1.6.Final
2023-01-31 00:53:35,673 [WARN] org.hibernate.orm.deprecation [main] HHH90000021: Encountered deprecated setting [javax.persistence.sharedCache.mode], use [jakarta.persistence.sharedCache.mode] instead
2023-01-31 00:53:35,921 [INFO] SQL dialect [main] HHH000400: Using dialect: org.hibernate.dialect.MySQLDialect
2023-01-31 00:53:37,157 [INFO] org.hibernate.engine.transaction.jta.platform.internal.JtaPlatformInitiator [main] HHH000490: Using JtaPlatform implementation: [org.hibernate.engine.transaction.jta.platform.internal.NoJtaPlatform]
2023-01-31 00:53:37,172 [INFO] org.springframework.orm.jpa.LocalContainerEntityManagerFactoryBean [main] Initialized JPA EntityManagerFactory for persistence unit 'default'
2023-01-31 00:53:38,039 [WARN] org.springframework.boot.autoconfigure.orm.jpa.JpaBaseConfiguration$JpaWebConfiguration [main] spring.jpa.open-in-view is enabled by default. Therefore, database queries may be performed during view rendering. Explicitly configure spring.jpa.open-in-view to disable this warning
2023-01-31 00:53:38,670 [INFO] org.springframework.boot.web.embedded.tomcat.TomcatWebServer [main] Tomcat started on port(s): 8080 (http) with context path ''
2023-01-31 00:53:38,685 [INFO] com.gamesapi.WebApiApplication [main] Started WebApiApplication in 7.385 seconds (process running for 8.005)
2023-01-31 00:53:47,344 [INFO] org.apache.catalina.core.ContainerBase.[Tomcat].[localhost].[/] [http-nio-8080-exec-1] Initializing Spring DispatcherServlet 'dispatcherServlet'
2023-01-31 00:53:47,344 [INFO] org.springframework.web.servlet.DispatcherServlet [http-nio-8080-exec-1] Initializing Servlet 'dispatcherServlet'
2023-01-31 00:53:47,348 [INFO] org.springframework.web.servlet.DispatcherServlet [http-nio-8080-exec-1] Completed initialization in 2 ms
2023-01-31 00:53:47,414 [TRACE] com.gamesapi.webapi.controllers.GameController [http-nio-8080-exec-1] getting all movies
2023-01-31 00:53:47,416 [TRACE] com.gamesapi.webapi.controllers.GameController [http-nio-8080-exec-2] getting all movies
2023-01-31 00:54:06,684 [TRACE] com.gamesapi.webapi.controllers.GameController [http-nio-8080-exec-4] deleted the game: 37
2023-01-31 00:54:06,729 [TRACE] com.gamesapi.webapi.controllers.GameController [http-nio-8080-exec-5] getting all movies
2023-01-31 00:54:10,002 [TRACE] com.gamesapi.webapi.controllers.GameController [http-nio-8080-exec-6] accessed the game: 38
2023-01-31 00:54:10,002 [TRACE] com.gamesapi.webapi.controllers.GameController [http-nio-8080-exec-7] accessed the game: 38
2023-01-31 00:54:10,762 [TRACE] com.gamesapi.webapi.controllers.GameController [http-nio-8080-exec-8] getting all movies
2023-01-31 00:54:10,762 [TRACE] com.gamesapi.webapi.controllers.GameController [http-nio-8080-exec-9] getting all movies
2023-01-31 00:54:19,653 [TRACE] com.gamesapi.webapi.controllers.GameController [http-nio-8080-exec-3] updated the game: 38
2023-01-31 00:54:19,677 [TRACE] com.gamesapi.webapi.controllers.GameController [http-nio-8080-exec-4] getting all movies
2023-01-31 00:54:19,677 [TRACE] com.gamesapi.webapi.controllers.GameController [http-nio-8080-exec-5] getting all movies
2023-01-31 00:54:33,754 [INFO] org.springframework.orm.jpa.LocalContainerEntityManagerFactoryBean [SpringApplicationShutdownHook] Closing JPA EntityManagerFactory for persistence unit 'default'
2023-01-31 00:54:33,758 [INFO] com.zaxxer.hikari.HikariDataSource [SpringApplicationShutdownHook] HikariPool-1 - Shutdown initiated...
2023-01-31 00:54:33,768 [INFO] com.zaxxer.hikari.HikariDataSource [SpringApplicationShutdownHook] HikariPool-1 - Shutdown completed.
